0 info it worked if it ends with ok
1 verbose cli [ '/Users/godai/.anyenv/envs/ndenv/versions/v7.5.0/bin/node',
1 verbose cli   '/Users/godai/.anyenv/envs/ndenv/versions/v7.5.0/bin/npm',
1 verbose cli   'run',
1 verbose cli   'deploy' ]
2 info using npm@4.1.2
3 info using node@v7.5.0
4 verbose run-script [ 'predeploy', 'deploy', 'postdeploy' ]
5 info lifecycle a-template@0.3.5~predeploy: a-template@0.3.5
6 silly lifecycle a-template@0.3.5~predeploy: no script for predeploy, continuing
7 info lifecycle a-template@0.3.5~deploy: a-template@0.3.5
8 verbose lifecycle a-template@0.3.5~deploy: unsafe-perm in lifecycle true
9 verbose lifecycle a-template@0.3.5~deploy: PATH: /Users/godai/.anyenv/envs/ndenv/versions/v7.5.0/lib/node_modules/npm/bin/node-gyp-bin:/Users/godai/projects/a-template.js/node_modules/.bin:/Users/godai/.anyenv/envs/ndenv/versions/v7.5.0/bin:/Users/godai/.anyenv/envs/ndenv/libexec:/Users/godai/.anyenv/envs/ndenv/plugins/node-build/bin:/Users/godai/.anyenv/envs/ndenv/bin:/Users/godai/.anyenv/bin:/usr/local/bin:/usr/bin:/bin:/usr/sbin:/sbin:/Users/godai/.anyenv/envs/ndenv/shims:/Users/godai/.anyenv/envs/ndenv/bin:/Users/godai/.anyenv/bin
10 verbose lifecycle a-template@0.3.5~deploy: CWD: /Users/godai/projects/a-template.js
11 silly lifecycle a-template@0.3.5~deploy: Args: [ '-c', 'np' ]
12 silly lifecycle a-template@0.3.5~deploy: Returned: code: 1  signal: null
13 info lifecycle a-template@0.3.5~deploy: Failed to exec deploy script
14 verbose stack Error: a-template@0.3.5 deploy: `np`
14 verbose stack Exit status 1
14 verbose stack     at EventEmitter.<anonymous> (/Users/godai/.anyenv/envs/ndenv/versions/v7.5.0/lib/node_modules/npm/lib/utils/lifecycle.js:279:16)
14 verbose stack     at emitTwo (events.js:106:13)
14 verbose stack     at EventEmitter.emit (events.js:192:7)
14 verbose stack     at ChildProcess.<anonymous> (/Users/godai/.anyenv/envs/ndenv/versions/v7.5.0/lib/node_modules/npm/lib/utils/spawn.js:40:14)
14 verbose stack     at emitTwo (events.js:106:13)
14 verbose stack     at ChildProcess.emit (events.js:192:7)
14 verbose stack     at maybeClose (internal/child_process.js:890:16)
14 verbose stack     at Process.ChildProcess._handle.onexit (internal/child_process.js:226:5)
15 verbose pkgid a-template@0.3.5
16 verbose cwd /Users/godai/projects/a-template.js
17 error Darwin 16.6.0
18 error argv "/Users/godai/.anyenv/envs/ndenv/versions/v7.5.0/bin/node" "/Users/godai/.anyenv/envs/ndenv/versions/v7.5.0/bin/npm" "run" "deploy"
19 error node v7.5.0
20 error npm  v4.1.2
21 error code ELIFECYCLE
22 error a-template@0.3.5 deploy: `np`
22 error Exit status 1
23 error Failed at the a-template@0.3.5 deploy script 'np'.
23 error Make sure you have the latest version of node.js and npm installed.
23 error If you do, this is most likely a problem with the a-template package,
23 error not with npm itself.
23 error Tell the author that this fails on your system:
23 error     np
23 error You can get information on how to open an issue for this project with:
23 error     npm bugs a-template
23 error Or if that isn't available, you can get their info via:
23 error     npm owner ls a-template
23 error There is likely additional logging output above.
24 verbose exit [ 1, true ]
